{"$message_type":"diagnostic","message":"unused import: `bract::lexer::Lexer`","code":{"code":"unused_imports","explanation":null},"level":"warning","spans":[{"file_name":"tests\\comprehensive_phase_tests.rs","byte_start":425,"byte_end":444,"line_start":9,"line_end":9,"column_start":5,"column_end":24,"is_primary":true,"text":[{"text":"use bract::lexer::Lexer;","highlight_start":5,"highlight_end":24}],"label":null,"suggested_replacement":null,"suggestion_applicability":null,"expansion":null}],"children":[{"message":"`#[warn(unused_imports)]` on by default","code":null,"level":"note","spans":[],"children":[],"rendered":null},{"message":"remove the whole `use` item","code":null,"level":"help","spans":[{"file_name":"tests\\comprehensive_phase_tests.rs","byte_start":421,"byte_end":447,"line_start":9,"line_end":10,"column_start":1,"column_end":1,"is_primary":true,"text":[{"text":"use bract::lexer::Lexer;","highlight_start":1,"highlight_end":25},{"text":"use bract::parser::Parser;","highlight_start":1,"highlight_end":1}],"label":null,"suggested_replacement":"","suggestion_applicability":"MachineApplicable","expansion":null}],"children":[],"rendered":null}],"rendered":"\u001b[0m\u001b[1m\u001b[38;5;11mwarning\u001b[0m\u001b[0m\u001b[1m\u001b[38;5;15m: unused import: `bract::lexer::Lexer`\u001b[0m\n\u001b[0m \u001b[0m\u001b[0m\u001b[1m\u001b[38;5;14m--> \u001b[0m\u001b[0mtests\\comprehensive_phase_tests.rs:9:5\u001b[0m\n\u001b[0m  \u001b[0m\u001b[0m\u001b[1m\u001b[38;5;14m|\u001b[0m\n\u001b[0m\u001b[1m\u001b[38;5;14m9\u001b[0m\u001b[0m \u001b[0m\u001b[0m\u001b[1m\u001b[38;5;14m|\u001b[0m\u001b[0m \u001b[0m\u001b[0muse bract::lexer::Lexer;\u001b[0m\n\u001b[0m  \u001b[0m\u001b[0m\u001b[1m\u001b[38;5;14m|\u001b[0m\u001b[0m     \u001b[0m\u001b[0m\u001b[1m\u001b[38;5;11m^^^^^^^^^^^^^^^^^^^\u001b[0m\n\u001b[0m  \u001b[0m\u001b[0m\u001b[1m\u001b[38;5;14m|\u001b[0m\n\u001b[0m  \u001b[0m\u001b[0m\u001b[1m\u001b[38;5;14m= \u001b[0m\u001b[0m\u001b[1m\u001b[38;5;15mnote\u001b[0m\u001b[0m: `#[warn(unused_imports)]` on by default\u001b[0m\n\n"}
{"$message_type":"diagnostic","message":"unused import: `super::*`","code":{"code":"unused_imports","explanation":null},"level":"warning","spans":[{"file_name":"tests\\comprehensive_phase_tests.rs","byte_start":15561,"byte_end":15569,"line_start":475,"line_end":475,"column_start":9,"column_end":17,"is_primary":true,"text":[{"text":"    use super::*;","highlight_start":9,"highlight_end":17}],"label":null,"suggested_replacement":null,"suggestion_applicability":null,"expansion":null}],"children":[{"message":"remove the whole `use` item","code":null,"level":"help","spans":[{"file_name":"tests\\comprehensive_phase_tests.rs","byte_start":15557,"byte_end":15570,"line_start":475,"line_end":475,"column_start":5,"column_end":18,"is_primary":true,"text":[{"text":"    use super::*;","highlight_start":5,"highlight_end":18}],"label":null,"suggested_replacement":"","suggestion_applicability":"MachineApplicable","expansion":null}],"children":[],"rendered":null}],"rendered":"\u001b[0m\u001b[1m\u001b[38;5;11mwarning\u001b[0m\u001b[0m\u001b[1m\u001b[38;5;15m: unused import: `super::*`\u001b[0m\n\u001b[0m   \u001b[0m\u001b[0m\u001b[1m\u001b[38;5;14m--> \u001b[0m\u001b[0mtests\\comprehensive_phase_tests.rs:475:9\u001b[0m\n\u001b[0m    \u001b[0m\u001b[0m\u001b[1m\u001b[38;5;14m|\u001b[0m\n\u001b[0m\u001b[1m\u001b[38;5;14m475\u001b[0m\u001b[0m \u001b[0m\u001b[0m\u001b[1m\u001b[38;5;14m|\u001b[0m\u001b[0m \u001b[0m\u001b[0m    use super::*;\u001b[0m\n\u001b[0m    \u001b[0m\u001b[0m\u001b[1m\u001b[38;5;14m|\u001b[0m\u001b[0m         \u001b[0m\u001b[0m\u001b[1m\u001b[38;5;11m^^^^^^^^\u001b[0m\n\n"}
{"$message_type":"diagnostic","message":"this function takes 2 arguments but 0 arguments were supplied","code":{"code":"E0061","explanation":"An invalid number of arguments was passed when calling a function.\n\nErroneous code example:\n\n```compile_fail,E0061\nfn f(u: i32) {}\n\nf(); // error!\n```\n\nThe number of arguments passed to a function must match the number of arguments\nspecified in the function signature.\n\nFor example, a function like:\n\n```\nfn f(a: u16, b: &str) {}\n```\n\nMust always be called with exactly two arguments, e.g., `f(2, \"test\")`.\n\nNote that Rust does not have a notion of optional function arguments or\nvariadic functions (except for its C-FFI).\n"},"level":"error","spans":[{"file_name":"tests\\comprehensive_phase_tests.rs","byte_start":8005,"byte_end":8007,"line_start":243,"line_end":243,"column_start":48,"column_end":50,"is_primary":false,"text":[{"text":"        let mut pipeline = CodegenPipeline::new();","highlight_start":48,"highlight_end":50}],"label":"two arguments of type `SymbolTable` and `StringInterner` are missing","suggested_replacement":null,"suggestion_applicability":null,"expansion":null},{"file_name":"tests\\comprehensive_phase_tests.rs","byte_start":7985,"byte_end":8005,"line_start":243,"line_end":243,"column_start":28,"column_end":48,"is_primary":true,"text":[{"text":"        let mut pipeline = CodegenPipeline::new();","highlight_start":28,"highlight_end":48}],"label":null,"suggested_replacement":null,"suggestion_applicability":null,"expansion":null}],"children":[{"message":"associated function defined here","code":null,"level":"note","spans":[{"file_name":"C:\\Coding Projects\\Bract\\src\\codegen\\mod.rs","byte_start":1363,"byte_end":1366,"line_start":45,"line_end":45,"column_start":12,"column_end":15,"is_primary":true,"text":[{"text":"    pub fn new(symbol_table: SymbolTable, interner: StringInterner) -> Result<Self, String> {","highlight_start":12,"highlight_end":15}],"label":null,"suggested_replacement":null,"suggestion_applicability":null,"expansion":null}],"children":[],"rendered":null},{"message":"provide the arguments","code":null,"level":"help","spans":[{"file_name":"tests\\comprehensive_phase_tests.rs","byte_start":8005,"byte_end":8007,"line_start":243,"line_end":243,"column_start":48,"column_end":50,"is_primary":true,"text":[{"text":"        let mut pipeline = CodegenPipeline::new();","highlight_start":48,"highlight_end":50}],"label":null,"suggested_replacement":"(/* SymbolTable */, /* StringInterner */)","suggestion_applicability":"HasPlaceholders","expansion":null}],"children":[],"rendered":null}],"rendered":"\u001b[0m\u001b[1m\u001b[38;5;9merror[E0061]\u001b[0m\u001b[0m\u001b[1m\u001b[38;5;15m: this function takes 2 arguments but 0 arguments were supplied\u001b[0m\n\u001b[0m   \u001b[0m\u001b[0m\u001b[1m\u001b[38;5;14m--> \u001b[0m\u001b[0mtests\\comprehensive_phase_tests.rs:243:28\u001b[0m\n\u001b[0m    \u001b[0m\u001b[0m\u001b[1m\u001b[38;5;14m|\u001b[0m\n\u001b[0m\u001b[1m\u001b[38;5;14m243\u001b[0m\u001b[0m \u001b[0m\u001b[0m\u001b[1m\u001b[38;5;14m|\u001b[0m\u001b[0m \u001b[0m\u001b[0m        let mut pipeline = CodegenPipeline::new();\u001b[0m\n\u001b[0m    \u001b[0m\u001b[0m\u001b[1m\u001b[38;5;14m|\u001b[0m\u001b[0m                            \u001b[0m\u001b[0m\u001b[1m\u001b[38;5;9m^^^^^^^^^^^^^^^^^^^^\u001b[0m\u001b[0m\u001b[1m\u001b[38;5;14m--\u001b[0m\u001b[0m \u001b[0m\u001b[0m\u001b[1m\u001b[38;5;14mtwo arguments of type `SymbolTable` and `StringInterner` are missing\u001b[0m\n\u001b[0m    \u001b[0m\u001b[0m\u001b[1m\u001b[38;5;14m|\u001b[0m\n\u001b[0m\u001b[1m\u001b[38;5;10mnote\u001b[0m\u001b[0m: associated function defined here\u001b[0m\n\u001b[0m   \u001b[0m\u001b[0m\u001b[1m\u001b[38;5;14m--> \u001b[0m\u001b[0mC:\\Coding Projects\\Bract\\src\\codegen\\mod.rs:45:12\u001b[0m\n\u001b[0m    \u001b[0m\u001b[0m\u001b[1m\u001b[38;5;14m|\u001b[0m\n\u001b[0m\u001b[1m\u001b[38;5;14m45\u001b[0m\u001b[0m  \u001b[0m\u001b[0m\u001b[1m\u001b[38;5;14m|\u001b[0m\u001b[0m \u001b[0m\u001b[0m    pub fn new(symbol_table: SymbolTable, interner: StringInterner) -> Result<Self, String> {\u001b[0m\n\u001b[0m    \u001b[0m\u001b[0m\u001b[1m\u001b[38;5;14m|\u001b[0m\u001b[0m            \u001b[0m\u001b[0m\u001b[1m\u001b[38;5;10m^^^\u001b[0m\n\u001b[0m\u001b[1m\u001b[38;5;14mhelp\u001b[0m\u001b[0m: provide the arguments\u001b[0m\n\u001b[0m    \u001b[0m\u001b[0m\u001b[1m\u001b[38;5;14m|\u001b[0m\n\u001b[0m\u001b[1m\u001b[38;5;14m243\u001b[0m\u001b[0m \u001b[0m\u001b[0m\u001b[1m\u001b[38;5;14m| \u001b[0m\u001b[0m        let mut pipeline = CodegenPipeline::new(\u001b[0m\u001b[0m\u001b[38;5;10m/* SymbolTable */, /* StringInterner */\u001b[0m\u001b[0m);\u001b[0m\n\u001b[0m    \u001b[0m\u001b[0m\u001b[1m\u001b[38;5;14m|\u001b[0m\u001b[0m                                                 \u001b[0m\u001b[0m\u001b[38;5;10m+++++++++++++++++++++++++++++++++++++++\u001b[0m\n\n"}
{"$message_type":"diagnostic","message":"no method named `compile_module` found for enum `Result` in the current scope","code":{"code":"E0599","explanation":"This error occurs when a method is used on a type which doesn't implement it:\n\nErroneous code example:\n\n```compile_fail,E0599\nstruct Mouth;\n\nlet x = Mouth;\nx.chocolate(); // error: no method named `chocolate` found for type `Mouth`\n               //        in the current scope\n```\n\nIn this case, you need to implement the `chocolate` method to fix the error:\n\n```\nstruct Mouth;\n\nimpl Mouth {\n    fn chocolate(&self) { // We implement the `chocolate` method here.\n        println!(\"Hmmm! I love chocolate!\");\n    }\n}\n\nlet x = Mouth;\nx.chocolate(); // ok!\n```\n"},"level":"error","spans":[{"file_name":"tests\\comprehensive_phase_tests.rs","byte_start":8040,"byte_end":8054,"line_start":244,"line_end":244,"column_start":31,"column_end":45,"is_primary":true,"text":[{"text":"        let result = pipeline.compile_module(&module);","highlight_start":31,"highlight_end":45}],"label":"method not found in `Result<CodegenPipeline, String>`","suggested_replacement":null,"suggestion_applicability":null,"expansion":null}],"children":[{"message":"the method `compile_module` exists on the type `bract::codegen::CodegenPipeline`","code":null,"level":"note","spans":[{"file_name":"C:\\Coding Projects\\Bract\\src\\codegen\\mod.rs","byte_start":1932,"byte_end":2008,"line_start":58,"line_end":58,"column_start":5,"column_end":81,"is_primary":true,"text":[{"text":"    pub fn compile_module(&mut self, module: &Module) -> Result<Vec<u8>, String> {","highlight_start":5,"highlight_end":81}],"label":null,"suggested_replacement":null,"suggestion_applicability":null,"expansion":null}],"children":[],"rendered":null},{"message":"consider using `Result::expect` to unwrap the `bract::codegen::CodegenPipeline` value, panicking if the value is a `Result::Err`","code":null,"level":"help","spans":[{"file_name":"tests\\comprehensive_phase_tests.rs","byte_start":8039,"byte_end":8039,"line_start":244,"line_end":244,"column_start":30,"column_end":30,"is_primary":true,"text":[{"text":"        let result = pipeline.compile_module(&module);","highlight_start":30,"highlight_end":30}],"label":null,"suggested_replacement":".expect(\"REASON\")","suggestion_applicability":"HasPlaceholders","expansion":null}],"children":[],"rendered":null}],"rendered":"\u001b[0m\u001b[1m\u001b[38;5;9merror[E0599]\u001b[0m\u001b[0m\u001b[1m\u001b[38;5;15m: no method named `compile_module` found for enum `Result` in the current scope\u001b[0m\n\u001b[0m   \u001b[0m\u001b[0m\u001b[1m\u001b[38;5;14m--> \u001b[0m\u001b[0mtests\\comprehensive_phase_tests.rs:244:31\u001b[0m\n\u001b[0m    \u001b[0m\u001b[0m\u001b[1m\u001b[38;5;14m|\u001b[0m\n\u001b[0m\u001b[1m\u001b[38;5;14m244\u001b[0m\u001b[0m \u001b[0m\u001b[0m\u001b[1m\u001b[38;5;14m|\u001b[0m\u001b[0m \u001b[0m\u001b[0m        let result = pipeline.compile_module(&module);\u001b[0m\n\u001b[0m    \u001b[0m\u001b[0m\u001b[1m\u001b[38;5;14m|\u001b[0m\u001b[0m                               \u001b[0m\u001b[0m\u001b[1m\u001b[38;5;9m^^^^^^^^^^^^^^\u001b[0m\u001b[0m \u001b[0m\u001b[0m\u001b[1m\u001b[38;5;9mmethod not found in `Result<CodegenPipeline, String>`\u001b[0m\n\u001b[0m    \u001b[0m\u001b[0m\u001b[1m\u001b[38;5;14m|\u001b[0m\n\u001b[0m\u001b[1m\u001b[38;5;10mnote\u001b[0m\u001b[0m: the method `compile_module` exists on the type `bract::codegen::CodegenPipeline`\u001b[0m\n\u001b[0m   \u001b[0m\u001b[0m\u001b[1m\u001b[38;5;14m--> \u001b[0m\u001b[0mC:\\Coding Projects\\Bract\\src\\codegen\\mod.rs:58:5\u001b[0m\n\u001b[0m    \u001b[0m\u001b[0m\u001b[1m\u001b[38;5;14m|\u001b[0m\n\u001b[0m\u001b[1m\u001b[38;5;14m58\u001b[0m\u001b[0m  \u001b[0m\u001b[0m\u001b[1m\u001b[38;5;14m|\u001b[0m\u001b[0m \u001b[0m\u001b[0m    pub fn compile_module(&mut self, module: &Module) -> Result<Vec<u8>, String> {\u001b[0m\n\u001b[0m    \u001b[0m\u001b[0m\u001b[1m\u001b[38;5;14m|\u001b[0m\u001b[0m     \u001b[0m\u001b[0m\u001b[1m\u001b[38;5;10m^^^^^^^^^^^^^^^^^^^^^^^^^^^^^^^^^^^^^^^^^^^^^^^^^^^^^^^^^^^^^^^^^^^^^^^^^^^^\u001b[0m\n\u001b[0m\u001b[1m\u001b[38;5;14mhelp\u001b[0m\u001b[0m: consider using `Result::expect` to unwrap the `bract::codegen::CodegenPipeline` value, panicking if the value is a `Result::Err`\u001b[0m\n\u001b[0m    \u001b[0m\u001b[0m\u001b[1m\u001b[38;5;14m|\u001b[0m\n\u001b[0m\u001b[1m\u001b[38;5;14m244\u001b[0m\u001b[0m \u001b[0m\u001b[0m\u001b[1m\u001b[38;5;14m| \u001b[0m\u001b[0m        let result = pipeline\u001b[0m\u001b[0m\u001b[38;5;10m.expect(\"REASON\")\u001b[0m\u001b[0m.compile_module(&module);\u001b[0m\n\u001b[0m    \u001b[0m\u001b[0m\u001b[1m\u001b[38;5;14m|\u001b[0m\u001b[0m                              \u001b[0m\u001b[0m\u001b[38;5;10m+++++++++++++++++\u001b[0m\n\n"}
{"$message_type":"diagnostic","message":"no method named `is_ok` found for struct `AnalysisResult` in the current scope","code":{"code":"E0599","explanation":"This error occurs when a method is used on a type which doesn't implement it:\n\nErroneous code example:\n\n```compile_fail,E0599\nstruct Mouth;\n\nlet x = Mouth;\nx.chocolate(); // error: no method named `chocolate` found for type `Mouth`\n               //        in the current scope\n```\n\nIn this case, you need to implement the `chocolate` method to fix the error:\n\n```\nstruct Mouth;\n\nimpl Mouth {\n    fn chocolate(&self) { // We implement the `chocolate` method here.\n        println!(\"Hmmm! I love chocolate!\");\n    }\n}\n\nlet x = Mouth;\nx.chocolate(); // ok!\n```\n"},"level":"error","spans":[{"file_name":"tests\\comprehensive_phase_tests.rs","byte_start":11101,"byte_end":11106,"line_start":340,"line_end":340,"column_start":24,"column_end":29,"is_primary":true,"text":[{"text":"        assert!(result.is_ok() || semantic.errors().len() < 10);","highlight_start":24,"highlight_end":29}],"label":"method not found in `AnalysisResult`","suggested_replacement":null,"suggestion_applicability":null,"expansion":null}],"children":[],"rendered":"\u001b[0m\u001b[1m\u001b[38;5;9merror[E0599]\u001b[0m\u001b[0m\u001b[1m\u001b[38;5;15m: no method named `is_ok` found for struct `AnalysisResult` in the current scope\u001b[0m\n\u001b[0m   \u001b[0m\u001b[0m\u001b[1m\u001b[38;5;14m--> \u001b[0m\u001b[0mtests\\comprehensive_phase_tests.rs:340:24\u001b[0m\n\u001b[0m    \u001b[0m\u001b[0m\u001b[1m\u001b[38;5;14m|\u001b[0m\n\u001b[0m\u001b[1m\u001b[38;5;14m340\u001b[0m\u001b[0m \u001b[0m\u001b[0m\u001b[1m\u001b[38;5;14m|\u001b[0m\u001b[0m \u001b[0m\u001b[0m        assert!(result.is_ok() || semantic.errors().len() < 10);\u001b[0m\n\u001b[0m    \u001b[0m\u001b[0m\u001b[1m\u001b[38;5;14m|\u001b[0m\u001b[0m                        \u001b[0m\u001b[0m\u001b[1m\u001b[38;5;9m^^^^^\u001b[0m\u001b[0m \u001b[0m\u001b[0m\u001b[1m\u001b[38;5;9mmethod not found in `AnalysisResult`\u001b[0m\n\n"}
{"$message_type":"diagnostic","message":"no method named `errors` found for struct `bract::semantic::SemanticAnalyzer` in the current scope","code":{"code":"E0599","explanation":"This error occurs when a method is used on a type which doesn't implement it:\n\nErroneous code example:\n\n```compile_fail,E0599\nstruct Mouth;\n\nlet x = Mouth;\nx.chocolate(); // error: no method named `chocolate` found for type `Mouth`\n               //        in the current scope\n```\n\nIn this case, you need to implement the `chocolate` method to fix the error:\n\n```\nstruct Mouth;\n\nimpl Mouth {\n    fn chocolate(&self) { // We implement the `chocolate` method here.\n        println!(\"Hmmm! I love chocolate!\");\n    }\n}\n\nlet x = Mouth;\nx.chocolate(); // ok!\n```\n"},"level":"error","spans":[{"file_name":"tests\\comprehensive_phase_tests.rs","byte_start":11121,"byte_end":11127,"line_start":340,"line_end":340,"column_start":44,"column_end":50,"is_primary":true,"text":[{"text":"        assert!(result.is_ok() || semantic.errors().len() < 10);","highlight_start":44,"highlight_end":50}],"label":"private field, not a method","suggested_replacement":null,"suggestion_applicability":null,"expansion":null}],"children":[],"rendered":"\u001b[0m\u001b[1m\u001b[38;5;9merror[E0599]\u001b[0m\u001b[0m\u001b[1m\u001b[38;5;15m: no method named `errors` found for struct `bract::semantic::SemanticAnalyzer` in the current scope\u001b[0m\n\u001b[0m   \u001b[0m\u001b[0m\u001b[1m\u001b[38;5;14m--> \u001b[0m\u001b[0mtests\\comprehensive_phase_tests.rs:340:44\u001b[0m\n\u001b[0m    \u001b[0m\u001b[0m\u001b[1m\u001b[38;5;14m|\u001b[0m\n\u001b[0m\u001b[1m\u001b[38;5;14m340\u001b[0m\u001b[0m \u001b[0m\u001b[0m\u001b[1m\u001b[38;5;14m|\u001b[0m\u001b[0m \u001b[0m\u001b[0m        assert!(result.is_ok() || semantic.errors().len() < 10);\u001b[0m\n\u001b[0m    \u001b[0m\u001b[0m\u001b[1m\u001b[38;5;14m|\u001b[0m\u001b[0m                                            \u001b[0m\u001b[0m\u001b[1m\u001b[38;5;9m^^^^^^\u001b[0m\u001b[0m \u001b[0m\u001b[0m\u001b[1m\u001b[38;5;9mprivate field, not a method\u001b[0m\n\n"}
{"$message_type":"diagnostic","message":"aborting due to 4 previous errors; 2 warnings emitted","code":null,"level":"error","spans":[],"children":[],"rendered":"\u001b[0m\u001b[1m\u001b[38;5;9merror\u001b[0m\u001b[0m\u001b[1m\u001b[38;5;15m: aborting due to 4 previous errors; 2 warnings emitted\u001b[0m\n\n"}
{"$message_type":"diagnostic","message":"Some errors have detailed explanations: E0061, E0599.","code":null,"level":"failure-note","spans":[],"children":[],"rendered":"\u001b[0m\u001b[1m\u001b[38;5;15mSome errors have detailed explanations: E0061, E0599.\u001b[0m\n"}
{"$message_type":"diagnostic","message":"For more information about an error, try `rustc --explain E0061`.","code":null,"level":"failure-note","spans":[],"children":[],"rendered":"\u001b[0m\u001b[1m\u001b[38;5;15mFor more information about an error, try `rustc --explain E0061`.\u001b[0m\n"}
